# JRE version: OpenJDK Runtime Environment Temurin-17.0.4.1+1 (17.0.4.1+1) (build 17.0.4.1+1)
# Java VM: OpenJDK 64-Bit Server VM Temurin-17.0.4.1+1 (17.0.4.1+1, mixed mode, tiered, compressed oops, compressed class ptrs, parallel gc, windows-amd64)
GC Precious Log:
 CPUs: 8 total, 8 available
 Memory: 16247M
 Large Page Support: Disabled
 NUMA Support: Disabled
 Compressed Oops: Enabled (32-bit)
 Alignments: Space 512K, Generation 512K, Heap 2M
 Heap Min Capacity: 100M
 Heap Initial Capacity: 100M
 Heap Max Capacity: 1G
 Pre-touch: Disabled
 Parallel Workers: 8
Heap:
 PSYoungGen      total 3072K, used 496K [0x00000000eab00000, 0x00000000eb100000, 0x0000000100000000)
  eden space 2560K, 0% used [0x00000000eab00000,0x00000000eab00000,0x00000000ead80000)
  from space 512K, 96% used [0x00000000eaf00000,0x00000000eaf7c010,0x00000000eaf80000)
  to   space 1536K, 0% used [0x00000000ead80000,0x00000000ead80000,0x00000000eaf00000)
 ParOldGen       total 276480K, used 275993K [0x00000000c0000000, 0x00000000d0e00000, 0x00000000eab00000)
  object space 276480K, 99% used [0x00000000c0000000,0x00000000d0d86448,0x00000000d0e00000)
 Metaspace       used 88255K, committed 89280K, reserved 1130496K
  class space    used 8373K, committed 8832K, reserved 1048576K
GC Heap History (20 events):
Event: 40718.606 GC heap after
{Heap after GC invocations=11761 (full 208):
 PSYoungGen      total 3584K, used 512K [0x00000000eab00000, 0x00000000eb000000, 0x0000000100000000)
  eden space 3072K, 0% used [0x00000000eab00000,0x00000000eab00000,0x00000000eae00000)
  from space 512K, 100% used [0x00000000eae80000,0x00000000eaf00000,0x00000000eaf00000)
  to   space 1024K, 0% used [0x00000000eaf00000,0x00000000eaf00000,0x00000000eb000000)
 ParOldGen       total 276480K, used 272506K [0x00000000c0000000, 0x00000000d0e00000, 0x00000000eab00000)
  object space 276480K, 98% used [0x00000000c0000000,0x00000000d0a1e848,0x00000000d0e00000)
 Metaspace       used 88255K, committed 89280K, reserved 1130496K
  class space    used 8373K, committed 8832K, reserved 1048576K
}
Event: 40718.725 GC heap before
{Heap before GC invocations=11762 (full 208):
 PSYoungGen      total 3584K, used 3583K [0x00000000eab00000, 0x00000000eb000000, 0x0000000100000000)
  eden space 3072K, 99% used [0x00000000eab00000,0x00000000eadffff0,0x00000000eae00000)
  from space 512K, 100% used [0x00000000eae80000,0x00000000eaf00000,0x00000000eaf00000)
  to   space 1024K, 0% used [0x00000000eaf00000,0x00000000eaf00000,0x00000000eb000000)
 ParOldGen       total 276480K, used 272506K [0x00000000c0000000, 0x00000000d0e00000, 0x00000000eab00000)
  object space 276480K, 98% used [0x00000000c0000000,0x00000000d0a1e848,0x00000000d0e00000)
 Metaspace       used 88255K, committed 89280K, reserved 1130496K
  class space    used 8373K, committed 8832K, reserved 1048576K
}
Event: 40718.726 GC heap after
{Heap after GC invocations=11762 (full 208):
 PSYoungGen      total 4096K, used 544K [0x00000000eab00000, 0x00000000eb000000, 0x0000000100000000)
  eden space 3072K, 0% used [0x00000000eab00000,0x00000000eab00000,0x00000000eae00000)
  from space 1024K, 53% used [0x00000000eaf00000,0x00000000eaf88000,0x00000000eb000000)
  to   space 1024K, 0% used [0x00000000eae00000,0x00000000eae00000,0x00000000eaf00000)
 ParOldGen       total 276480K, used 273040K [0x00000000c0000000, 0x00000000d0e00000, 0x00000000eab00000)
  object space 276480K, 98% used [0x00000000c0000000,0x00000000d0aa42a8,0x00000000d0e00000)
 Metaspace       used 88255K, committed 89280K, reserved 1130496K
  class space    used 8373K, committed 8832K, reserved 1048576K
}
Event: 40718.738 GC heap before
{Heap before GC invocations=11763 (full 208):
 PSYoungGen      total 4096K, used 3616K [0x00000000eab00000, 0x00000000eb000000, 0x0000000100000000)
  eden space 3072K, 100% used [0x00000000eab00000,0x00000000eae00000,0x00000000eae00000)
  from space 1024K, 53% used [0x00000000eaf00000,0x00000000eaf88000,0x00000000eb000000)
  to   space 1024K, 0% used [0x00000000eae00000,0x00000000eae00000,0x00000000eaf00000)
 ParOldGen       total 276480K, used 273040K [0x00000000c0000000, 0x00000000d0e00000, 0x00000000eab00000)
  object space 276480K, 98% used [0x00000000c0000000,0x00000000d0aa42a8,0x00000000d0e00000)
 Metaspace       used 88255K, committed 89280K, reserved 1130496K
  class space    used 8373K, committed 8832K, reserved 1048576K
}
Event: 40718.739 GC heap after
{Heap after GC invocations=11763 (full 208):
 PSYoungGen      total 4096K, used 240K [0x00000000eab00000, 0x00000000eaf80000, 0x0000000100000000)
  eden space 3072K, 0% used [0x00000000eab00000,0x00000000eab00000,0x00000000eae00000)
  from space 1024K, 23% used [0x00000000eae00000,0x00000000eae3c010,0x00000000eaf00000)
  to   space 512K, 0% used [0x00000000eaf00000,0x00000000eaf00000,0x00000000eaf80000)
 ParOldGen       total 276480K, used 273501K [0x00000000c0000000, 0x00000000d0e00000, 0x00000000eab00000)
  object space 276480K, 98% used [0x00000000c0000000,0x00000000d0b17748,0x00000000d0e00000)
 Metaspace       used 88255K, committed 89280K, reserved 1130496K
  class space    used 8373K, committed 8832K, reserved 1048576K
}
Event: 40719.256 GC heap before
{Heap before GC invocations=11764 (full 208):
 PSYoungGen      total 4096K, used 3312K [0x00000000eab00000, 0x00000000eaf80000, 0x0000000100000000)
  eden space 3072K, 100% used [0x00000000eab00000,0x00000000eae00000,0x00000000eae00000)
  from space 1024K, 23% used [0x00000000eae00000,0x00000000eae3c010,0x00000000eaf00000)
  to   space 512K, 0% used [0x00000000eaf00000,0x00000000eaf00000,0x00000000eaf80000)
 ParOldGen       total 276480K, used 273501K [0x00000000c0000000, 0x00000000d0e00000, 0x00000000eab00000)
  object space 276480K, 98% used [0x00000000c0000000,0x00000000d0b17748,0x00000000d0e00000)
 Metaspace       used 88255K, committed 89280K, reserved 1130496K
  class space    used 8373K, committed 8832K, reserved 1048576K
}
Event: 40719.258 GC heap after
{Heap after GC invocations=11764 (full 208):
 PSYoungGen      total 3584K, used 512K [0x00000000eab00000, 0x00000000eb000000, 0x0000000100000000)
  eden space 3072K, 0% used [0x00000000eab00000,0x00000000eab00000,0x00000000eae00000)
  from space 512K, 100% used [0x00000000eaf00000,0x00000000eaf80000,0x00000000eaf80000)
  to   space 1024K, 0% used [0x00000000eae00000,0x00000000eae00000,0x00000000eaf00000)
 ParOldGen       total 276480K, used 273740K [0x00000000c0000000, 0x00000000d0e00000, 0x00000000eab00000)
  object space 276480K, 99% used [0x00000000c0000000,0x00000000d0b531c8,0x00000000d0e00000)
 Metaspace       used 88255K, committed 89280K, reserved 1130496K
  class space    used 8373K, committed 8832K, reserved 1048576K
}
Event: 40719.403 GC heap before
{Heap before GC invocations=11765 (full 208):
 PSYoungGen      total 3584K, used 3584K [0x00000000eab00000, 0x00000000eb000000, 0x0000000100000000)
  eden space 3072K, 100% used [0x00000000eab00000,0x00000000eae00000,0x00000000eae00000)
  from space 512K, 100% used [0x00000000eaf00000,0x00000000eaf80000,0x00000000eaf80000)
  to   space 1024K, 0% used [0x00000000eae00000,0x00000000eae00000,0x00000000eaf00000)
 ParOldGen       total 276480K, used 273740K [0x00000000c0000000, 0x00000000d0e00000, 0x00000000eab00000)
  object space 276480K, 99% used [0x00000000c0000000,0x00000000d0b531c8,0x00000000d0e00000)
 Metaspace       used 88255K, committed 89280K, reserved 1130496K
  class space    used 8373K, committed 8832K, reserved 1048576K
}
Event: 40719.405 GC heap after
{Heap after GC invocations=11765 (full 208):
 PSYoungGen      total 4096K, used 544K [0x00000000eab00000, 0x00000000eb000000, 0x0000000100000000)
  eden space 3072K, 0% used [0x00000000eab00000,0x00000000eab00000,0x00000000eae00000)
  from space 1024K, 53% used [0x00000000eae00000,0x00000000eae88000,0x00000000eaf00000)
  to   space 1024K, 0% used [0x00000000eaf00000,0x00000000eaf00000,0x00000000eb000000)
 ParOldGen       total 276480K, used 274249K [0x00000000c0000000, 0x00000000d0e00000, 0x00000000eab00000)
  object space 276480K, 99% used [0x00000000c0000000,0x00000000d0bd2648,0x00000000d0e00000)
 Metaspace       used 88255K, committed 89280K, reserved 1130496K
  class space    used 8373K, committed 8832K, reserved 1048576K
}
Event: 40719.415 GC heap before
{Heap before GC invocations=11766 (full 208):
 PSYoungGen      total 4096K, used 3616K [0x00000000eab00000, 0x00000000eb000000, 0x0000000100000000)
  eden space 3072K, 100% used [0x00000000eab00000,0x00000000eae00000,0x00000000eae00000)
  from space 1024K, 53% used [0x00000000eae00000,0x00000000eae88000,0x00000000eaf00000)
  to   space 1024K, 0% used [0x00000000eaf00000,0x00000000eaf00000,0x00000000eb000000)
 ParOldGen       total 276480K, used 274249K [0x00000000c0000000, 0x00000000d0e00000, 0x00000000eab00000)
  object space 276480K, 99% used [0x00000000c0000000,0x00000000d0bd2648,0x00000000d0e00000)
 Metaspace       used 88255K, committed 89280K, reserved 1130496K
  class space    used 8373K, committed 8832K, reserved 1048576K
}
Event: 40719.418 GC heap after
{Heap after GC invocations=11766 (full 208):
 PSYoungGen      total 4096K, used 496K [0x00000000eab00000, 0x00000000eb000000, 0x0000000100000000)
  eden space 3072K, 0% used [0x00000000eab00000,0x00000000eab00000,0x00000000eae00000)
  from space 1024K, 48% used [0x00000000eaf00000,0x00000000eaf7c010,0x00000000eb000000)
  to   space 1024K, 0% used [0x00000000eae00000,0x00000000eae00000,0x00000000eaf00000)
 ParOldGen       total 276480K, used 274646K [0x00000000c0000000, 0x00000000d0e00000, 0x00000000eab00000)
  object space 276480K, 99% used [0x00000000c0000000,0x00000000d0c35ae8,0x00000000d0e00000)
 Metaspace       used 88255K, committed 89280K, reserved 1130496K
  class space    used 8373K, committed 8832K, reserved 1048576K
}
Event: 40720.105 GC heap before
{Heap before GC invocations=11767 (full 208):
 PSYoungGen      total 4096K, used 3565K [0x00000000eab00000, 0x00000000eb000000, 0x0000000100000000)
  eden space 3072K, 99% used [0x00000000eab00000,0x00000000eadff758,0x00000000eae00000)
  from space 1024K, 48% used [0x00000000eaf00000,0x00000000eaf7c010,0x00000000eb000000)
  to   space 1024K, 0% used [0x00000000eae00000,0x00000000eae00000,0x00000000eaf00000)
 ParOldGen       total 276480K, used 274646K [0x00000000c0000000, 0x00000000d0e00000, 0x00000000eab00000)
  object space 276480K, 99% used [0x00000000c0000000,0x00000000d0c35ae8,0x00000000d0e00000)
 Metaspace       used 88255K, committed 89280K, reserved 1130496K
  class space    used 8373K, committed 8832K, reserved 1048576K
}
Event: 40720.106 GC heap after
{Heap after GC invocations=11767 (full 208):
 PSYoungGen      total 4096K, used 256K [0x00000000eab00000, 0x00000000eaf80000, 0x0000000100000000)
  eden space 3072K, 0% used [0x00000000eab00000,0x00000000eab00000,0x00000000eae00000)
  from space 1024K, 25% used [0x00000000eae00000,0x00000000eae40000,0x00000000eaf00000)
  to   space 512K, 0% used [0x00000000eaf00000,0x00000000eaf00000,0x00000000eaf80000)
 ParOldGen       total 276480K, used 275027K [0x00000000c0000000, 0x00000000d0e00000, 0x00000000eab00000)
  object space 276480K, 99% used [0x00000000c0000000,0x00000000d0c94f88,0x00000000d0e00000)
 Metaspace       used 88255K, committed 89280K, reserved 1130496K
  class space    used 8373K, committed 8832K, reserved 1048576K
}
Event: 40720.456 GC heap before
{Heap before GC invocations=11768 (full 208):
 PSYoungGen      total 4096K, used 3328K [0x00000000eab00000, 0x00000000eaf80000, 0x0000000100000000)
  eden space 3072K, 100% used [0x00000000eab00000,0x00000000eae00000,0x00000000eae00000)
  from space 1024K, 25% used [0x00000000eae00000,0x00000000eae40000,0x00000000eaf00000)
  to   space 512K, 0% used [0x00000000eaf00000,0x00000000eaf00000,0x00000000eaf80000)
 ParOldGen       total 276480K, used 275027K [0x00000000c0000000, 0x00000000d0e00000, 0x00000000eab00000)
  object space 276480K, 99% used [0x00000000c0000000,0x00000000d0c94f88,0x00000000d0e00000)
 Metaspace       used 88255K, committed 89280K, reserved 1130496K
  class space    used 8373K, committed 8832K, reserved 1048576K
}
Event: 40720.457 GC heap after
{Heap after GC invocations=11768 (full 208):
 PSYoungGen      total 3584K, used 448K [0x00000000eab00000, 0x00000000eaf80000, 0x0000000100000000)
  eden space 3072K, 0% used [0x00000000eab00000,0x00000000eab00000,0x00000000eae00000)
  from space 512K, 87% used [0x00000000eaf00000,0x00000000eaf70000,0x00000000eaf80000)
  to   space 512K, 0% used [0x00000000eae80000,0x00000000eae80000,0x00000000eaf00000)
 ParOldGen       total 276480K, used 275147K [0x00000000c0000000, 0x00000000d0e00000, 0x00000000eab00000)
  object space 276480K, 99% used [0x00000000c0000000,0x00000000d0cb2f88,0x00000000d0e00000)
 Metaspace       used 88255K, committed 89280K, reserved 1130496K
  class space    used 8373K, committed 8832K, reserved 1048576K
}
Event: 40720.559 GC heap before
{Heap before GC invocations=11769 (full 208):
 PSYoungGen      total 3584K, used 3519K [0x00000000eab00000, 0x00000000eaf80000, 0x0000000100000000)
  eden space 3072K, 99% used [0x00000000eab00000,0x00000000eadffff8,0x00000000eae00000)
  from space 512K, 87% used [0x00000000eaf00000,0x00000000eaf70000,0x00000000eaf80000)
  to   space 512K, 0% used [0x00000000eae80000,0x00000000eae80000,0x00000000eaf00000)
 ParOldGen       total 276480K, used 275147K [0x00000000c0000000, 0x00000000d0e00000, 0x00000000eab00000)
  object space 276480K, 99% used [0x00000000c0000000,0x00000000d0cb2f88,0x00000000d0e00000)
 Metaspace       used 88255K, committed 89280K, reserved 1130496K
  class space    used 8373K, committed 8832K, reserved 1048576K
}
Event: 40720.561 GC heap after
{Heap after GC invocations=11769 (full 208):
 PSYoungGen      total 3584K, used 320K [0x00000000eab00000, 0x00000000eaf80000, 0x0000000100000000)
  eden space 3072K, 0% used [0x00000000eab00000,0x00000000eab00000,0x00000000eae00000)
  from space 512K, 62% used [0x00000000eae80000,0x00000000eaed0000,0x00000000eaf00000)
  to   space 512K, 0% used [0x00000000eaf00000,0x00000000eaf00000,0x00000000eaf80000)
 ParOldGen       total 276480K, used 275513K [0x00000000c0000000, 0x00000000d0e00000, 0x00000000eab00000)
  object space 276480K, 99% used [0x00000000c0000000,0x00000000d0d0e428,0x00000000d0e00000)
 Metaspace       used 88255K, committed 89280K, reserved 1130496K
  class space    used 8373K, committed 8832K, reserved 1048576K
}
Event: 40720.709 GC heap before
{Heap before GC invocations=11770 (full 208):
 PSYoungGen      total 3584K, used 3391K [0x00000000eab00000, 0x00000000eaf80000, 0x0000000100000000)
  eden space 3072K, 99% used [0x00000000eab00000,0x00000000eadffff8,0x00000000eae00000)
  from space 512K, 62% used [0x00000000eae80000,0x00000000eaed0000,0x00000000eaf00000)
  to   space 512K, 0% used [0x00000000eaf00000,0x00000000eaf00000,0x00000000eaf80000)
 ParOldGen       total 276480K, used 275513K [0x00000000c0000000, 0x00000000d0e00000, 0x00000000eab00000)
  object space 276480K, 99% used [0x00000000c0000000,0x00000000d0d0e428,0x00000000d0e00000)
 Metaspace       used 88255K, committed 89280K, reserved 1130496K
  class space    used 8373K, committed 8832K, reserved 1048576K
}
Event: 40720.710 GC heap after
{Heap after GC invocations=11770 (full 208):
 PSYoungGen      total 3072K, used 496K [0x00000000eab00000, 0x00000000eb100000, 0x0000000100000000)
  eden space 2560K, 0% used [0x00000000eab00000,0x00000000eab00000,0x00000000ead80000)
  from space 512K, 96% used [0x00000000eaf00000,0x00000000eaf7c010,0x00000000eaf80000)
  to   space 1536K, 0% used [0x00000000ead80000,0x00000000ead80000,0x00000000eaf00000)
 ParOldGen       total 276480K, used 275993K [0x00000000c0000000, 0x00000000d0e00000, 0x00000000eab00000)
  object space 276480K, 99% used [0x00000000c0000000,0x00000000d0d86448,0x00000000d0e00000)
 Metaspace       used 88255K, committed 89280K, reserved 1130496K
  class space    used 8373K, committed 8832K, reserved 1048576K
}
Event: 40720.710 GC heap before
{Heap before GC invocations=11771 (full 209):
 PSYoungGen      total 3072K, used 496K [0x00000000eab00000, 0x00000000eb100000, 0x0000000100000000)
  eden space 2560K, 0% used [0x00000000eab00000,0x00000000eab00000,0x00000000ead80000)
  from space 512K, 96% used [0x00000000eaf00000,0x00000000eaf7c010,0x00000000eaf80000)
  to   space 1536K, 0% used [0x00000000ead80000,0x00000000ead80000,0x00000000eaf00000)
 ParOldGen       total 276480K, used 275993K [0x00000000c0000000, 0x00000000d0e00000, 0x00000000eab00000)
  object space 276480K, 99% used [0x00000000c0000000,0x00000000d0d86448,0x00000000d0e00000)
 Metaspace       used 88255K, committed 89280K, reserved 1130496K
  class space    used 8373K, committed 8832K, reserved 1048576K
}

